<?xml version="1.0" encoding="UTF-8"?>
<testng-results skipped="0" failed="0" ignored="0" total="1" passed="1">
  <reporter-output>
  </reporter-output>
  <suite name="Default suite" duration-ms="13738" started-at="2020-08-09T13:59:40Z" finished-at="2020-08-09T13:59:54Z">
    <groups>
    </groups>
    <test name="Default test" duration-ms="13738" started-at="2020-08-09T13:59:40Z" finished-at="2020-08-09T13:59:54Z">
      <class name="Academy.validateNavigationBar">
        <test-method status="PASS" signature="initialize()[pri:0, instance:Academy.validateNavigationBar@6f27a732]" name="initialize" is-config="true" duration-ms="12880" started-at="2020-08-09T13:59:40Z" finished-at="2020-08-09T13:59:53Z">
          <reporter-output>
          </reporter-output>
        </test-method> <!-- initialize -->
        <test-method status="PASS" signature="validateAppNavBar()[pri:0, instance:Academy.validateNavigationBar@6f27a732]" name="validateAppNavBar" duration-ms="154" started-at="2020-08-09T13:59:53Z" finished-at="2020-08-09T13:59:53Z">
          <reporter-output>
          </reporter-output>
        </test-method> <!-- validateAppNavBar -->
        <test-method status="PASS" signature="teardown()[pri:0, instance:Academy.validateNavigationBar@6f27a732]" name="teardown" is-config="true" duration-ms="653" started-at="2020-08-09T13:59:53Z" finished-at="2020-08-09T13:59:54Z">
          <reporter-output>
          </reporter-output>
        </test-method> <!-- teardown -->
      </class> <!-- Academy.validateNavigationBar -->
    </test> <!-- Default test -->
  </suite> <!-- Default suite -->
</testng-results>
